
> webgpu-react-app@0.1.0 start
> react-scripts start

(node:3073) [DEP_WEBPACK_DEV_SERVER_ON_AFTER_SETUP_MIDDLEWARE] DeprecationWarning: 'onAfterSetupMiddleware' option is deprecated. Please use the 'setupMiddlewares' option.
(Use `node --trace-deprecation ...` to show where the warning was created)
(node:3073) [DEP_WEBPACK_DEV_SERVER_ON_BEFORE_SETUP_MIDDLEWARE] DeprecationWarning: 'onBeforeSetupMiddleware' option is deprecated. Please use the 'setupMiddlewares' option.
Starting the development server...

Compiled with warnings.

Failed to parse source map from '/app/node_modules/@mediapipe/tasks-vision/vision_bundle_mjs.js.map' file: Error: ENOENT: no such file or directory, open '/app/node_modules/@mediapipe/tasks-vision/vision_bundle_mjs.js.map'

[eslint]
src/components/TrackSegment.jsx
  Line 71:15:  'segmentsX' is assigned a value but never used                                                                                                                                                        no-unused-vars
  Line 72:15:  'segmentsZ' is assigned a value but never used                                                                                                                                                        no-unused-vars
  Line 93:27:  Function declared in a loop contains unsafe references to variable(s) 'seed', 'seed', 'seed', 'seed', 'seed', 'seed', 'seed', 'seed', 'seed', 'seed', 'seed', 'seed', 'seed', 'seed', 'seed', 'seed'  no-loop-func

Search for the keywords to learn more about each warning.
To ignore, add // eslint-disable-next-line to the line before.

WARNING in ./node_modules/@mediapipe/tasks-vision/vision_bundle.mjs
Module Warning (from ./node_modules/source-map-loader/dist/cjs.js):
Failed to parse source map from '/app/node_modules/@mediapipe/tasks-vision/vision_bundle_mjs.js.map' file: Error: ENOENT: no such file or directory, open '/app/node_modules/@mediapipe/tasks-vision/vision_bundle_mjs.js.map'

WARNING in [eslint]
src/components/TrackSegment.jsx
  Line 71:15:  'segmentsX' is assigned a value but never used                                                                                                                                                        no-unused-vars
  Line 72:15:  'segmentsZ' is assigned a value but never used                                                                                                                                                        no-unused-vars
  Line 93:27:  Function declared in a loop contains unsafe references to variable(s) 'seed', 'seed', 'seed', 'seed', 'seed', 'seed', 'seed', 'seed', 'seed', 'seed', 'seed', 'seed', 'seed', 'seed', 'seed', 'seed'  no-loop-func

webpack compiled with 2 warnings
No issues found.
Compiling...
Compiled with warnings.

Failed to parse source map from '/app/node_modules/@mediapipe/tasks-vision/vision_bundle_mjs.js.map' file: Error: ENOENT: no such file or directory, open '/app/node_modules/@mediapipe/tasks-vision/vision_bundle_mjs.js.map'

[eslint]
src/components/TrackSegment.jsx
  Line 71:15:  'segmentsX' is assigned a value but never used                                                                                                                                                        no-unused-vars
  Line 72:15:  'segmentsZ' is assigned a value but never used                                                                                                                                                        no-unused-vars
  Line 93:27:  Function declared in a loop contains unsafe references to variable(s) 'seed', 'seed', 'seed', 'seed', 'seed', 'seed', 'seed', 'seed', 'seed', 'seed', 'seed', 'seed', 'seed', 'seed', 'seed', 'seed'  no-loop-func

Search for the keywords to learn more about each warning.
To ignore, add // eslint-disable-next-line to the line before.

WARNING in ./node_modules/@mediapipe/tasks-vision/vision_bundle.mjs
Module Warning (from ./node_modules/source-map-loader/dist/cjs.js):
Failed to parse source map from '/app/node_modules/@mediapipe/tasks-vision/vision_bundle_mjs.js.map' file: Error: ENOENT: no such file or directory, open '/app/node_modules/@mediapipe/tasks-vision/vision_bundle_mjs.js.map'

WARNING in [eslint]
src/components/TrackSegment.jsx
  Line 71:15:  'segmentsX' is assigned a value but never used                                                                                                                                                        no-unused-vars
  Line 72:15:  'segmentsZ' is assigned a value but never used                                                                                                                                                        no-unused-vars
  Line 93:27:  Function declared in a loop contains unsafe references to variable(s) 'seed', 'seed', 'seed', 'seed', 'seed', 'seed', 'seed', 'seed', 'seed', 'seed', 'seed', 'seed', 'seed', 'seed', 'seed', 'seed'  no-loop-func

webpack compiled with 2 warnings
No issues found.
