
> webgpu-react-app@0.1.0 start /app
> react-scripts start

(node:2800) [DEP_WEBPACK_DEV_SERVER_ON_AFTER_SETUP_MIDDLEWARE] DeprecationWarning: 'onAfterSetupMiddleware' option is deprecated. Please use the 'setupMiddlewares' option.
(Use `node --trace-deprecation ...` to show where the warning was created)
(node:2800) [DEP_WEBPACK_DEV_SERVER_ON_BEFORE_SETUP_MIDDLEWARE] DeprecationWarning: 'onBeforeSetupMiddleware' option is deprecated. Please use the 'setupMiddlewares' option.
Starting the development server...

Compiled with warnings.

Failed to parse source map from '/app/node_modules/.pnpm/@mediapipe+tasks-vision@0.10.17/node_modules/@mediapipe/tasks-vision/vision_bundle_mjs.js.map' file: Error: ENOENT: no such file or directory, open '/app/node_modules/.pnpm/@mediapipe+tasks-vision@0.10.17/node_modules/@mediapipe/tasks-vision/vision_bundle_mjs.js.map'

[eslint]
src/components/Player.jsx
  Line 76:13:  'forward' is assigned a value but never used  no-unused-vars

Search for the keywords to learn more about each warning.
To ignore, add // eslint-disable-next-line to the line before.

WARNING in ./node_modules/.pnpm/@mediapipe+tasks-vision@0.10.17/node_modules/@mediapipe/tasks-vision/vision_bundle.mjs
Module Warning (from ./node_modules/.pnpm/source-map-loader@3.0.2_webpack@5.103.0/node_modules/source-map-loader/dist/cjs.js):
Failed to parse source map from '/app/node_modules/.pnpm/@mediapipe+tasks-vision@0.10.17/node_modules/@mediapipe/tasks-vision/vision_bundle_mjs.js.map' file: Error: ENOENT: no such file or directory, open '/app/node_modules/.pnpm/@mediapipe+tasks-vision@0.10.17/node_modules/@mediapipe/tasks-vision/vision_bundle_mjs.js.map'

WARNING in [eslint]
src/components/Player.jsx
  Line 76:13:  'forward' is assigned a value but never used  no-unused-vars

webpack compiled with 2 warnings
No issues found.
